#
# There is insufficient memory for the Java Runtime Environment to continue.
# Native memory allocation (malloc) failed to allocate 1048576 bytes for AllocateHeap
# Possible reasons:
#   The system is out of physical RAM or swap space
#   The process is running with CompressedOops enabled, and the Java Heap may be blocking the growth of the native heap
# Possible solutions:
#   Reduce memory load on the system
#   Increase physical memory or swap space
#   Check if swap backing store is full
#   Decrease Java heap size (-Xmx/-Xms)
#   Decrease number of Java threads
#   Decrease Java thread stack sizes (-Xss)
#   Set larger code cache with -XX:ReservedCodeCacheSize=
# This output file may be truncated or incomplete.
#
#  Out of Memory Error (./src/hotspot/share/memory/allocation.cpp:46), pid=18328, tid=19368
#
# JRE version:  (11.0.16.1+1) (build )
# Java VM: OpenJDK 64-Bit Server VM (11.0.16.1+1, mixed mode, sharing, tiered, compressed oops, g1 gc, windows-amd64)
# No core dump will be written. Minidumps are not enabled by default on client versions of Windows
#

---------------  S U M M A R Y ------------

Command Line: c:\Users\X\.vscode\extensions\salesforce.salesforce-vscode-slds-1.4.8\lsp-0.0.13-executable.jar --PORT=62309

Host: Intel(R) Core(TM) i7-10700F CPU @ 2.90GHz, 16 cores, 15G,  Windows 10 , 64 bit Build 19041 (10.0.19041.2788)
Time: Mon Apr 24 15:09:45 2023  Windows 10 , 64 bit Build 19041 (10.0.19041.2788) elapsed time: 0.054977 seconds (0d 0h 0m 0s)

---------------  T H R E A D  ---------------

Current thread (0x000001097fa6e800):  JavaThread "Unknown thread" [_thread_in_vm, id=19368, stack(0x000000058c000000,0x000000058c100000)]

Stack: [0x000000058c000000,0x000000058c100000]
Native frames: (J=compiled Java code, j=interpreted, Vv=VM code, C=native code)
V  [jvm.dll+0x61f18a]
V  [jvm.dll+0x7abb09]
V  [jvm.dll+0x7ad1f8]
V  [jvm.dll+0x7ad8d3]
V  [jvm.dll+0x24fc38]
V  [jvm.dll+0xb95f4]
V  [jvm.dll+0x2ebe74]
V  [jvm.dll+0x2e5c79]
V  [jvm.dll+0x785957]
V  [jvm.dll+0x7870df]
V  [jvm.dll+0x35f899]
V  [jvm.dll+0x7688c0]
V  [jvm.dll+0x3cd3bf]
V  [jvm.dll+0x3cf751]
C  [jli.dll+0x5207]
C  [ucrtbase.dll+0x21bb2]
C  [KERNEL32.DLL+0x17604]
C  [ntdll.dll+0x526a1]


---------------  P R O C E S S  ---------------

Threads class SMR info:
_java_thread_list=0x000001097f4932d0, length=0, elements={
}

Java Threads: ( => current thread )

Other Threads:
  0x000001097fa88800 GCTaskThread "GC Thread#0" [stack: 0x000000058c100000,0x000000058c200000] [id=18700]

[error occurred during error reporting (printing all threads), id 0xc0000005, EXCEPTION_ACCESS_VIOLATION (0xc0000005) at pc=0x00007ffd5c511460]

VM state:not at safepoint (not fully initialized)

VM Mutex/Monitor currently owned by a thread:  ([mutex/lock_event])
[0x000001097fa6ad20] Heap_lock - owner thread: 0x000001097fa6e800

Heap address: 0x0000000700e00000, size: 4082 MB, Compressed Oops mode: Non-zero based: 0x0000000700e00000
Narrow klass base: 0x0000000000000000, Narrow klass shift: 0

GC Heap History (0 events):
No events

Deoptimization events (0 events):
No events

Classes redefined (0 events):
No events

Internal exceptions (0 events):
No events

Events (1 events):
Event: 0.043 Loaded shared library C:\AnypointStudio\plugins\org.mule.tooling.jdk.win32.x86_64_1.1.5\bin\zip.dll


Dynamic libraries:
0x00007ff61d170000 - 0x00007ff61d17d000 	C:\AnypointStudio\plugins\org.mule.tooling.jdk.win32.x86_64_1.1.5\bin\java.exe
0x00007ffdc1a90000 - 0x00007ffdc1c88000 	C:\WINDOWS\SYSTEM32\ntdll.dll
0x00007ffdc1870000 - 0x00007ffdc192f000 	C:\WINDOWS\System32\KERNEL32.DLL
0x00007ffdbf220000 - 0x00007ffdbf4fa000 	C:\WINDOWS\System32\KERNELBASE.dll
0x00007ffdbf8b0000 - 0x00007ffdbf9b0000 	C:\WINDOWS\System32\ucrtbase.dll
0x00007ffdac540000 - 0x00007ffdac557000 	C:\AnypointStudio\plugins\org.mule.tooling.jdk.win32.x86_64_1.1.5\bin\jli.dll
0x00007ffda95f0000 - 0x00007ffda9605000 	C:\AnypointStudio\plugins\org.mule.tooling.jdk.win32.x86_64_1.1.5\bin\VCRUNTIME140.dll
0x00007ffdc02b0000 - 0x00007ffdc044d000 	C:\WINDOWS\System32\USER32.dll
0x00007ffdbf1a0000 - 0x00007ffdbf1c2000 	C:\WINDOWS\System32\win32u.dll
0x00007ffda8200000 - 0x00007ffda849a000 	C:\WINDOWS\WinSxS\amd64_microsoft.windows.common-controls_6595b64144ccf1df_6.0.19041.1110_none_60b5254171f9507e\COMCTL32.dll
0x00007ffdc0610000 - 0x00007ffdc063b000 	C:\WINDOWS\System32\GDI32.dll
0x00007ffdc0450000 - 0x00007ffdc04ee000 	C:\WINDOWS\System32\msvcrt.dll
0x00007ffdbf5b0000 - 0x00007ffdbf6c0000 	C:\WINDOWS\System32\gdi32full.dll
0x00007ffdbf9b0000 - 0x00007ffdbfa4d000 	C:\WINDOWS\System32\msvcp_win.dll
0x00007ffdc0770000 - 0x00007ffdc07a0000 	C:\WINDOWS\System32\IMM32.DLL
0x00007ffd8e310000 - 0x00007ffd8e3ab000 	C:\AnypointStudio\plugins\org.mule.tooling.jdk.win32.x86_64_1.1.5\bin\msvcp140.dll
0x00007ffd5c220000 - 0x00007ffd5cda2000 	C:\AnypointStudio\plugins\org.mule.tooling.jdk.win32.x86_64_1.1.5\bin\server\jvm.dll
0x00007ffdc1930000 - 0x00007ffdc19de000 	C:\WINDOWS\System32\ADVAPI32.dll
0x00007ffdc0570000 - 0x00007ffdc060c000 	C:\WINDOWS\System32\sechost.dll
0x00007ffdc0640000 - 0x00007ffdc0766000 	C:\WINDOWS\System32\RPCRT4.dll
0x00007ffdc0b40000 - 0x00007ffdc0b48000 	C:\WINDOWS\System32\PSAPI.DLL
0x00007ffda8d60000 - 0x00007ffda8d69000 	C:\WINDOWS\SYSTEM32\WSOCK32.dll
0x00007ffdb8d00000 - 0x00007ffdb8d0a000 	C:\WINDOWS\SYSTEM32\VERSION.dll
0x00007ffdb1ff0000 - 0x00007ffdb2017000 	C:\WINDOWS\SYSTEM32\WINMM.dll
0x00007ffdc19e0000 - 0x00007ffdc1a4b000 	C:\WINDOWS\System32\WS2_32.dll
0x00007ffdbd040000 - 0x00007ffdbd052000 	C:\WINDOWS\SYSTEM32\kernel.appcore.dll
0x00007ffdbabd0000 - 0x00007ffdbabe0000 	C:\AnypointStudio\plugins\org.mule.tooling.jdk.win32.x86_64_1.1.5\bin\verify.dll
0x00007ffda12d0000 - 0x00007ffda14b4000 	C:\WINDOWS\SYSTEM32\DBGHELP.DLL
0x00007ffd9cb10000 - 0x00007ffd9cb44000 	C:\WINDOWS\SYSTEM32\dbgcore.DLL
0x00007ffdbf820000 - 0x00007ffdbf8a2000 	C:\WINDOWS\System32\bcryptPrimitives.dll
0x00007ffda8db0000 - 0x00007ffda8dd8000 	C:\AnypointStudio\plugins\org.mule.tooling.jdk.win32.x86_64_1.1.5\bin\java.dll
0x00007ffdae760000 - 0x00007ffdae76a000 	C:\AnypointStudio\plugins\org.mule.tooling.jdk.win32.x86_64_1.1.5\bin\jimage.dll
0x00007ffda4ab0000 - 0x00007ffda4ac8000 	C:\AnypointStudio\plugins\org.mule.tooling.jdk.win32.x86_64_1.1.5\bin\zip.dll

dbghelp: loaded successfully - version: 4.0.5 - missing functions: none
symbol engine: initialized successfully - sym options: 0x614 - pdb path: .;C:\AnypointStudio\plugins\org.mule.tooling.jdk.win32.x86_64_1.1.5\bin;C:\WINDOWS\SYSTEM32;C:\WINDOWS\WinSxS\amd64_microsoft.windows.common-controls_6595b64144ccf1df_6.0.19041.1110_none_60b5254171f9507e;C:\AnypointStudio\plugins\org.mule.tooling.jdk.win32.x86_64_1.1.5\bin\server

VM Arguments:
java_command: c:\Users\X\.vscode\extensions\salesforce.salesforce-vscode-slds-1.4.8\lsp-0.0.13-executable.jar --PORT=62309
java_class_path (initial): c:\Users\X\.vscode\extensions\salesforce.salesforce-vscode-slds-1.4.8\lsp-0.0.13-executable.jar
Launcher Type: SUN_STANDARD

[Global flags]
     intx CICompilerCount                          = 12                                        {product} {ergonomic}
     uint ConcGCThreads                            = 3                                         {product} {ergonomic}
     uint G1ConcRefinementThreads                  = 13                                        {product} {ergonomic}
   size_t G1HeapRegionSize                         = 1048576                                   {product} {ergonomic}
    uintx GCDrainStackTargetSize                   = 64                                        {product} {ergonomic}
   size_t InitialHeapSize                          = 268435456                                 {product} {ergonomic}
   size_t MarkStackSize                            = 4194304                                   {product} {ergonomic}
   size_t MaxHeapSize                              = 4280287232                                {product} {ergonomic}
   size_t MinHeapDeltaBytes                        = 1048576                                   {product} {ergonomic}
    uintx NonNMethodCodeHeapSize                   = 7594288                                {pd product} {ergonomic}
    uintx NonProfiledCodeHeapSize                  = 122031976                              {pd product} {ergonomic}
    uintx ProfiledCodeHeapSize                     = 122031976                              {pd product} {ergonomic}
    uintx ReservedCodeCacheSize                    = 251658240                              {pd product} {ergonomic}
     bool SegmentedCodeCache                       = true                                      {product} {ergonomic}
     bool UseCompressedClassPointers               = true                                 {lp64_product} {ergonomic}
     bool UseCompressedOops                        = true                                 {lp64_product} {ergonomic}
     bool UseG1GC                                  = true                                      {product} {ergonomic}
     bool UseLargePagesIndividualAllocation        = false                                  {pd product} {ergonomic}

Logging:
Log output configuration:
 #0: stdout all=warning uptime,level,tags
 #1: stderr all=off uptime,level,tags

Environment Variables:
JAVA_HOME=C:\AnypointStudio\plugins\org.mule.tooling.jdk.win32.x86_64_1.1.5
PATH=C:\Program Files (x86)\Common Files\Oracle\Java\javapath;C:\WINDOWS\system32;C:\WINDOWS;C:\WINDOWS\System32\Wbem;C:\WINDOWS\System32\WindowsPowerShell\v1.0\;C:\WINDOWS\System32\OpenSSH\;C:\Program Files\PuTTY\;C:\Program Files (x86)\NVIDIA Corporation\PhysX\Common;C:\Program Files\NVIDIA Corporation\NVIDIA NvDLISR;C:\Program Files\dotnet\;C:\Program Files\Android\Android Studio\bin;C:\WINDOWS\system32;C:\WINDOWS;C:\WINDOWS\System32\Wbem;C:\WINDOWS\System32\WindowsPowerShell\v1.0\;C:\WINDOWS\System32\OpenSSH\;C:\Program Files\sfdx\bin;C:\Program Files\Microsoft VS Code\bin;C:\Program Files\Git\cmd;C:\Program Files\Docker\Docker\resources\bin;C:\ProgramData\DockerDesktop\version-bin;C:\Program Files\Java\jdk-18.0.2;C:\Users\X\.local\bin;C:\Users\X\AppData\Local\Programs\Python\Python38\Scripts\;C:\Users\X\AppData\Local\Programs\Python\Python38\;C:\Users\X\AppData\Roaming\Python\Python38\Scripts;C:\Program Files\pmd-bin-6.52.0\bin;%JAVA_HOME%\bin;C:\Program Files\Microsoft SQL Server\150\Tools\Binn\;C:\Program Files\Microsoft SQL Server\Client SDK\ODBC\170\Tools\Binn\;C:\Users\X\AppData\Roaming\nvm;C:\Program Files\nodejs;C:\Users\X\AppData\Local\Programs\Python\Python38\Scripts\;C:\Users\X\AppData\Local\Programs\Python\Python38\;C:\Users\X\AppData\Local\Microsoft\WindowsApps;C:\Users\X\AppData\Roaming\npm;C:\Users\X\AppData\Local\Programs\Microsoft VS Code\bin;C:\Program Files \nodejs;C:\Program Files (x86)\nodejs;C:\Users\X\Downloads\chrome-win;C:\Program Files\sfdx\bin;C:\Program Files\Java\jdk-18.0.2;C:\Users\X\AppData\Roaming\Python\Python38\Scripts;C:\Users\X\AppData\Local\GitHubDesktop\bin;C:\Users\X\.local\bin;C:\Program Files\pmd-bin-6.52.0\bin;C:\AnypointStudio\plugins\org.mule.tooling.jdk.win32.x86_64_1.1.5\bin;C:\Users\X\.dotnet\tools;C:\Users\X\AppData\Roaming\nvm;C:\Program Files\nodejs
USERNAME=X
OS=Windows_NT
PROCESSOR_IDENTIFIER=Intel64 Family 6 Model 165 Stepping 5, GenuineIntel
TMP=C:\Users\X\AppData\Local\Temp
TEMP=C:\Users\X\AppData\Local\Temp



---------------  S Y S T E M  ---------------

OS: Windows 10 , 64 bit Build 19041 (10.0.19041.2788)
OS uptime: 0 days 5:36 hours
Hyper-V role detected

CPU:total 16 (initial active 16) (8 cores per cpu, 2 threads per core) family 6 model 165 stepping 5 microcode 0xca, cmov, cx8, fxsr, mmx, sse, sse2, sse3, ssse3, sse4.1, sse4.2, popcnt, avx, avx2, aes, clmul, erms, 3dnowpref, lzcnt, ht, tsc, tscinvbit, bmi1, bmi2, adx, fma

Memory: 4k page, system-wide physical 16322M (228M free)
TotalPageFile size 44644M (AvailPageFile size 7M)
current process WorkingSet (physical memory assigned to process): 10M, peak: 10M
current process commit charge ("private bytes"): 61M, peak: 62M

vm_info: OpenJDK 64-Bit Server VM (11.0.16.1+1) for windows-amd64 JRE (11.0.16.1+1), built on Aug 16 2022 02:58:04 by "" with MS VC++ 15.9 (VS2017)

END.
